<?xml version="1.0" encoding="UTF-8"?>
<testng-results skipped="0" failed="1" ignored="0" total="4" passed="3">
  <reporter-output>
  </reporter-output>
  <suite name="Default suite" duration-ms="38644" started-at="2020-03-05T11:18:54 IST" finished-at="2020-03-05T11:19:32 IST">
    <groups>
    </groups>
    <test name="Default test" duration-ms="38644" started-at="2020-03-05T11:18:54 IST" finished-at="2020-03-05T11:19:32 IST">
      <class name="com.wingyfy.qa.testcases.heatmappagetest">
        <test-method status="PASS" signature="setup()[pri:0, instance:com.wingyfy.qa.testcases.heatmappagetest@56aac163]" name="setup" is-config="true" duration-ms="16484" started-at="2020-03-05T11:18:37 IST" finished-at="2020-03-05T11:18:54 IST">
          <reporter-output>
          </reporter-output>
        </test-method> <!-- setup -->
        <test-method status="PASS" signature="validateheapmapselected()[pri:1, instance:com.wingyfy.qa.testcases.heatmappagetest@56aac163]" name="validateheapmapselected" duration-ms="17476" started-at="2020-03-05T11:18:54 IST" finished-at="2020-03-05T11:19:11 IST">
          <reporter-output>
          </reporter-output>
        </test-method> <!-- validateheapmapselected -->
        <test-method status="PASS" signature="validateElementlistselected()[pri:2, instance:com.wingyfy.qa.testcases.heatmappagetest@56aac163]" name="validateElementlistselected" duration-ms="614" started-at="2020-03-05T11:19:11 IST" finished-at="2020-03-05T11:19:12 IST">
          <reporter-output>
          </reporter-output>
        </test-method> <!-- validateElementlistselected -->
        <test-method status="PASS" signature="verifypaneltext()[pri:3, instance:com.wingyfy.qa.testcases.heatmappagetest@56aac163]" name="verifypaneltext" duration-ms="10263" started-at="2020-03-05T11:19:12 IST" finished-at="2020-03-05T11:19:22 IST">
          <reporter-output>
          </reporter-output>
        </test-method> <!-- verifypaneltext -->
        <test-method status="FAIL" signature="validatestartfreetrial()[pri:4, instance:com.wingyfy.qa.testcases.heatmappagetest@56aac163]" name="validatestartfreetrial" duration-ms="10231" started-at="2020-03-05T11:19:22 IST" finished-at="2020-03-05T11:19:32 IST">
          <exception class="org.openqa.selenium.NoSuchElementException">
            <message>
              <![CDATA[no such element: Unable to locate element: {"method":"xpath","selector":"(.//*[text()='Start Free trial' and @data-modal='modal-free-trial'])[1]"}
  (Session info: chrome=80.0.3987.122)
For documentation on this error, please visit: https://www.seleniumhq.org/exceptions/no_such_element.html
Build info: version: '3.141.59', revision: 'e82be7d358', time: '2018-11-14T08:17:03'
System info: host: 'LTA1Y8OU2K.local', ip: '10.34.21.127', os.name: 'Mac OS X', os.arch: 'x86_64', os.version: '10.15.2', java.version: '1.8.0_60'
Driver info: org.openqa.selenium.chrome.ChromeDriver
Capabilities {acceptInsecureCerts: false, browserName: chrome, browserVersion: 80.0.3987.122, chrome: {chromedriverVersion: 79.0.3945.36 (3582db32b3389..., userDataDir: /var/folders/4j/cnnvctg11dv...}, goog:chromeOptions: {debuggerAddress: localhost:64434}, javascriptEnabled: true, networkConnectionEnabled: false, pageLoadStrategy: normal, platform: MAC, platformName: MAC, proxy: Proxy(), setWindowRect: true, strictFileInteractability: false, timeouts: {implicit: 0, pageLoad: 300000, script: 30000}, unhandledPromptBehavior: dismiss and notify}
Session ID: ea28da278babe633d0e7ed9afcb070be
*** Element info: {Using=xpath, value=(.//*[text()='Start Free trial' and @data-modal='modal-free-trial'])[1]}]]>
            </message>
            <full-stacktrace>
              <![CDATA[org.openqa.selenium.NoSuchElementException: no such element: Unable to locate element: {"method":"xpath","selector":"(.//*[text()='Start Free trial' and @data-modal='modal-free-trial'])[1]"}
  (Session info: chrome=80.0.3987.122)
For documentation on this error, please visit: https://www.seleniumhq.org/exceptions/no_such_element.html
Build info: version: '3.141.59', revision: 'e82be7d358', time: '2018-11-14T08:17:03'
System info: host: 'LTA1Y8OU2K.local', ip: '10.34.21.127', os.name: 'Mac OS X', os.arch: 'x86_64', os.version: '10.15.2', java.version: '1.8.0_60'
Driver info: org.openqa.selenium.chrome.ChromeDriver
Capabilities {acceptInsecureCerts: false, browserName: chrome, browserVersion: 80.0.3987.122, chrome: {chromedriverVersion: 79.0.3945.36 (3582db32b3389..., userDataDir: /var/folders/4j/cnnvctg11dv...}, goog:chromeOptions: {debuggerAddress: localhost:64434}, javascriptEnabled: true, networkConnectionEnabled: false, pageLoadStrategy: normal, platform: MAC, platformName: MAC, proxy: Proxy(), setWindowRect: true, strictFileInteractability: false, timeouts: {implicit: 0, pageLoad: 300000, script: 30000}, unhandledPromptBehavior: dismiss and notify}
Session ID: ea28da278babe633d0e7ed9afcb070be
*** Element info: {Using=xpath, value=(.//*[text()='Start Free trial' and @data-modal='modal-free-trial'])[1]}
at sun.reflect.NativeConstructorAccessorImpl.newInstance0(Native Method)
at sun.reflect.NativeConstructorAccessorImpl.newInstance(NativeConstructorAccessorImpl.java:62)
at sun.reflect.DelegatingConstructorAccessorImpl.newInstance(DelegatingConstructorAccessorImpl.java:45)
at java.lang.reflect.Constructor.newInstance(Constructor.java:422)
at org.openqa.selenium.remote.http.W3CHttpResponseCodec.createException(W3CHttpResponseCodec.java:187)
at org.openqa.selenium.remote.http.W3CHttpResponseCodec.decode(W3CHttpResponseCodec.java:122)
at org.openqa.selenium.remote.http.W3CHttpResponseCodec.decode(W3CHttpResponseCodec.java:49)
at org.openqa.selenium.remote.HttpCommandExecutor.execute(HttpCommandExecutor.java:158)
at org.openqa.selenium.remote.service.DriverCommandExecutor.execute(DriverCommandExecutor.java:83)
at org.openqa.selenium.remote.RemoteWebDriver.execute(RemoteWebDriver.java:552)
at org.openqa.selenium.remote.RemoteWebDriver.findElement(RemoteWebDriver.java:323)
at org.openqa.selenium.remote.RemoteWebDriver.findElementByXPath(RemoteWebDriver.java:428)
at org.openqa.selenium.By$ByXPath.findElement(By.java:353)
at org.openqa.selenium.remote.RemoteWebDriver.findElement(RemoteWebDriver.java:315)
at org.openqa.selenium.support.pagefactory.DefaultElementLocator.findElement(DefaultElementLocator.java:69)
at org.openqa.selenium.support.pagefactory.internal.LocatingElementHandler.invoke(LocatingElementHandler.java:38)
at com.sun.proxy.$Proxy9.isEnabled(Unknown Source)
at com.wingify.qa.pages.heatmappage.clickonstartfreetrial(heatmappage.java:72)
at com.wingyfy.qa.testcases.heatmappagetest.validatestartfreetrial(heatmappagetest.java:66)
at sun.reflect.NativeMethodAccessorImpl.invoke0(Native Method)
at sun.reflect.NativeMethodAccessorImpl.invoke(NativeMethodAccessorImpl.java:62)
at sun.reflect.DelegatingMethodAccessorImpl.invoke(DelegatingMethodAccessorImpl.java:43)
at java.lang.reflect.Method.invoke(Method.java:497)
at org.testng.internal.MethodInvocationHelper.invokeMethod(MethodInvocationHelper.java:134)
at org.testng.internal.TestInvoker.invokeMethod(TestInvoker.java:597)
at org.testng.internal.TestInvoker.invokeTestMethod(TestInvoker.java:173)
at org.testng.internal.MethodRunner.runInSequence(MethodRunner.java:46)
at org.testng.internal.TestInvoker$MethodInvocationAgent.invoke(TestInvoker.java:816)
at org.testng.internal.TestInvoker.invokeTestMethods(TestInvoker.java:146)
at org.testng.internal.TestMethodWorker.invokeTestMethods(TestMethodWorker.java:146)
at org.testng.internal.TestMethodWorker.run(TestMethodWorker.java:128)
at java.util.ArrayList.forEach(ArrayList.java:1249)
at org.testng.TestRunner.privateRun(TestRunner.java:766)
at org.testng.TestRunner.run(TestRunner.java:587)
at org.testng.SuiteRunner.runTest(SuiteRunner.java:384)
at org.testng.SuiteRunner.runSequentially(SuiteRunner.java:378)
at org.testng.SuiteRunner.privateRun(SuiteRunner.java:337)
at org.testng.SuiteRunner.run(SuiteRunner.java:286)
at org.testng.SuiteRunnerWorker.runSuite(SuiteRunnerWorker.java:53)
at org.testng.SuiteRunnerWorker.run(SuiteRunnerWorker.java:96)
at org.testng.TestNG.runSuitesSequentially(TestNG.java:1187)
at org.testng.TestNG.runSuitesLocally(TestNG.java:1109)
at org.testng.TestNG.runSuites(TestNG.java:1039)
at org.testng.TestNG.run(TestNG.java:1007)
at org.testng.remote.AbstractRemoteTestNG.run(AbstractRemoteTestNG.java:115)
at org.testng.remote.RemoteTestNG.initAndRun(RemoteTestNG.java:251)
at org.testng.remote.RemoteTestNG.main(RemoteTestNG.java:77)
]]>
            </full-stacktrace>
          </exception> <!-- org.openqa.selenium.NoSuchElementException -->
          <reporter-output>
          </reporter-output>
        </test-method> <!-- validatestartfreetrial -->
        <test-method status="PASS" signature="teardown()[pri:0, instance:com.wingyfy.qa.testcases.heatmappagetest@56aac163]" name="teardown" is-config="true" duration-ms="358" started-at="2020-03-05T11:19:32 IST" finished-at="2020-03-05T11:19:33 IST">
          <reporter-output>
          </reporter-output>
        </test-method> <!-- teardown -->
      </class> <!-- com.wingyfy.qa.testcases.heatmappagetest -->
    </test> <!-- Default test -->
  </suite> <!-- Default suite -->
</testng-results>
